{"level":"info","message":"kafka::brokers :: args=undefined"}
{"level":"info","message":"kafka::brokers[\"localhost:9092\"]"}
{"level":"info","message":"... add dynamic query parameters to get /catalog"}
{"level":"info","message":"... add dynamic query parameters to get /catalog/{id}"}
{"level":"info","message":"... add dynamic query parameters to get /category"}
{"level":"info","message":"... add dynamic query parameters to get /category/{id}"}
{"level":"info","message":"... add dynamic query parameters to get /productOffering"}
{"level":"info","message":"... add dynamic query parameters to get /productOffering/{id}"}
{"level":"info","message":"... add dynamic query parameters to get /productOfferingPrice"}
{"level":"info","message":"... add dynamic query parameters to get /productOfferingPrice/{id}"}
{"level":"info","message":"... add dynamic query parameters to get /productSpecification"}
{"level":"info","message":"... add dynamic query parameters to get /productSpecification/{id}"}
{"level":"info","message":"... add dynamic query parameters to get /importJob"}
{"level":"info","message":"... add dynamic query parameters to get /importJob/{id}"}
{"level":"info","message":"... add dynamic query parameters to get /exportJob"}
{"level":"info","message":"... add dynamic query parameters to get /exportJob/{id}"}
{"level":"info","message":"... add JSONPath filter query parameters to get /catalog"}
{"level":"info","message":"... add JSONPath filter query parameters to get /catalog/{id}"}
{"level":"info","message":"... add JSONPath filter query parameters to get /category"}
{"level":"info","message":"... add JSONPath filter query parameters to get /category/{id}"}
{"level":"info","message":"... add JSONPath filter query parameters to get /productOffering"}
{"level":"info","message":"... add JSONPath filter query parameters to get /productOffering/{id}"}
{"level":"info","message":"... add JSONPath filter query parameters to get /productOfferingPrice"}
{"level":"info","message":"... add JSONPath filter query parameters to get /productOfferingPrice/{id}"}
{"level":"info","message":"... add JSONPath filter query parameters to get /productSpecification"}
{"level":"info","message":"... add JSONPath filter query parameters to get /productSpecification/{id}"}
{"level":"info","message":"... add JSONPath filter query parameters to get /importJob"}
{"level":"info","message":"... add JSONPath filter query parameters to get /importJob/{id}"}
{"level":"info","message":"... add JSONPath filter query parameters to get /exportJob"}
{"level":"info","message":"... add JSONPath filter query parameters to get /exportJob/{id}"}
{"level":"info","message":"... add fields query parameters to post /catalog"}
{"level":"info","message":"... add fields query parameters to post /category"}
{"level":"info","message":"... add fields query parameters to post /productOffering"}
{"level":"info","message":"... add fields query parameters to post /productOfferingPrice"}
{"level":"info","message":"... add fields query parameters to post /productSpecification"}
{"level":"info","message":"... add fields query parameters to post /importJob"}
{"level":"info","message":"... add fields query parameters to post /exportJob"}
{"level":"info","message":"... add fields query parameters to post /hub"}
{"level":"info","message":"... add fields query parameters to post /listener/catalogCreateEvent"}
{"level":"info","message":"... add fields query parameters to post /listener/catalogDeleteEvent"}
{"level":"info","message":"... add fields query parameters to post /listener/catalogBatchEvent"}
{"level":"info","message":"... add fields query parameters to post /listener/categoryCreateEvent"}
{"level":"info","message":"... add fields query parameters to post /listener/categoryDeleteEvent"}
{"level":"info","message":"... add fields query parameters to post /listener/productOfferingCreateEvent"}
{"level":"info","message":"... add fields query parameters to post /listener/productOfferingAttributeValueChangeEvent"}
{"level":"info","message":"... add fields query parameters to post /listener/productOfferingStateChangeEvent"}
{"level":"info","message":"... add fields query parameters to post /listener/productOfferingDeleteEvent"}
{"level":"info","message":"... add fields query parameters to post /listener/productOfferingPriceCreateEvent"}
{"level":"info","message":"... add fields query parameters to post /listener/productOfferingPriceAttributeValueChangeEvent"}
{"level":"info","message":"... add fields query parameters to post /listener/productOfferingPriceStateChangeEvent"}
{"level":"info","message":"... add fields query parameters to post /listener/productOfferingPriceDeleteEvent"}
{"level":"info","message":"... add fields query parameters to post /listener/productSpecificationCreateEvent"}
{"level":"info","message":"... add fields query parameters to post /listener/productSpecificationDeleteEvent"}
{"level":"info","message":"... add sort query parameters to get /catalog"}
{"level":"info","message":"... add sort query parameters to get /category"}
{"level":"info","message":"... add sort query parameters to get /productOffering"}
{"level":"info","message":"... add sort query parameters to get /productOfferingPrice"}
{"level":"info","message":"... add sort query parameters to get /productSpecification"}
{"level":"info","message":"... add sort query parameters to get /importJob"}
{"level":"info","message":"... add sort query parameters to get /exportJob"}
{"level":"info","message":"... saved the updated/modified API specification /Users/victormari/Projects/TMF/ODA-TMF/TMForum-ODA-Asset-Build/CI/ri-generator/TMF620/api/openapi.yaml"}
{"level":"info","message":"done:: replaceAllRefs"}
{"level":"info","message":"validator installed"}
{"level":"info","message":"Listening on port 8080"}
{"level":"info","message":"Express server running"}
{"level":"info","message":"Service::serve: POST createProductSpecification"}
{"level":"info","message":"Service::create: createProductSpecification ProductSpecification"}
{"level":"info","message":"... processMissingProperties: ProductSpecification"}
{"level":"info","message":"populateMandatoryAttributes: type=ProductSpecification"}
{"level":"info","message":"... processExcludedInPost: ProductSpecification ProductSpecification_Create"}
{"level":"info","message":"mongo::connect err=MongoServerSelectionError"}
{"level":"info","message":"mongo::create error=MongoServerSelectionError"}
{"level":"info","message":"handleRequest:: error={\n  \"error\": {\n    \"code\": \"1\",\n    \"reason\": \"Internal database error\",\n    \"message\": \"Internal Server Error\"\n  },\n  \"code\": 500\n}"}
{"level":"info","message":"Service::serve: POST createProductSpecification"}
{"level":"info","message":"Service::create: createProductSpecification ProductSpecification"}
{"level":"info","message":"... processMissingProperties: ProductSpecification"}
{"level":"info","message":"populateMandatoryAttributes: type=ProductSpecification"}
{"level":"info","message":"... processExcludedInPost: ProductSpecification ProductSpecification_Create"}
{"level":"info","message":"NotificationHandler:: publish ri-internal-event ProductSpecificationCreationNotification"}
{"level":"error","message":"could not write message KafkaJSNumberOfRetriesExceeded: Connection error: "}
{"level":"info","message":"Service::serve: GET retrieveProductSpecification"}
{"level":"info","message":"Service::show: retrieveProductSpecification ProductSpecification"}
{"level":"info","message":"getSingleKey:: #1 res=7dff57d4-39fa-40f2-a225-82c1da264d63"}
{"level":"info","message":"show:: resourceType=ProductSpecification query={\"criteria\":{\"id\":\"7dff57d4-39fa-40f2-a225-82c1da264d63\"},\"options\":{\"projection\":{},\"limit\":250}}"}
{"level":"info","message":"NotificationHandler:: publish ri-internal-event ProductSpecificationNotification"}
{"level":"error","message":"could not write message KafkaJSNumberOfRetriesExceeded: Connection error: "}
